mode: atomic
github.com/felipevolpatto/genesis/main.go:10.13,11.38 1 0
github.com/felipevolpatto/genesis/main.go:11.38,14.3 2 0
github.com/felipevolpatto/genesis/internal/testutil/testutil.go:10.37,17.16 4 0
github.com/felipevolpatto/genesis/internal/testutil/testutil.go:17.16,18.13 1 0
github.com/felipevolpatto/genesis/internal/testutil/testutil.go:22.2,37.44 8 0
github.com/felipevolpatto/genesis/internal/testutil/testutil.go:37.44,38.13 1 0
github.com/felipevolpatto/genesis/internal/testutil/testutil.go:41.2,41.21 1 0
github.com/felipevolpatto/genesis/internal/config/parser.go:45.64,47.58 2 1
github.com/felipevolpatto/genesis/internal/config/parser.go:47.58,49.3 1 0
github.com/felipevolpatto/genesis/internal/config/parser.go:50.2,50.21 1 1
github.com/felipevolpatto/genesis/internal/config/parser.go:54.62,56.58 2 5
github.com/felipevolpatto/genesis/internal/config/parser.go:56.58,58.3 1 2
github.com/felipevolpatto/genesis/internal/config/parser.go:59.2,59.21 1 3
github.com/felipevolpatto/genesis/internal/config/parser.go:63.58,65.16 2 2
github.com/felipevolpatto/genesis/internal/config/parser.go:65.16,67.3 1 0
github.com/felipevolpatto/genesis/internal/config/parser.go:69.2,69.6 1 2
github.com/felipevolpatto/genesis/internal/config/parser.go:69.6,71.48 2 11
github.com/felipevolpatto/genesis/internal/config/parser.go:71.48,74.4 2 1
github.com/felipevolpatto/genesis/internal/config/parser.go:76.3,77.20 2 10
github.com/felipevolpatto/genesis/internal/config/parser.go:77.20,78.9 1 1
github.com/felipevolpatto/genesis/internal/config/parser.go:80.3,80.15 1 9
github.com/felipevolpatto/genesis/internal/config/parser.go:83.2,83.100 1 1
github.com/felipevolpatto/genesis/internal/runner/exec.go:20.60,25.2 1 4
github.com/felipevolpatto/genesis/internal/runner/exec.go:28.49,30.9 2 4
github.com/felipevolpatto/genesis/internal/runner/exec.go:30.9,32.3 1 1
github.com/felipevolpatto/genesis/internal/runner/exec.go:35.2,48.34 8 3
github.com/felipevolpatto/genesis/internal/runner/exec.go:48.34,50.3 1 0
github.com/felipevolpatto/genesis/internal/runner/exec.go:52.2,52.12 1 3
github.com/felipevolpatto/genesis/internal/runner/exec.go:56.40,57.31 1 6
github.com/felipevolpatto/genesis/internal/runner/exec.go:57.31,59.3 1 0
github.com/felipevolpatto/genesis/internal/runner/exec.go:60.2,60.24 1 6
github.com/felipevolpatto/genesis/internal/runner/exec.go:64.49,65.29 1 2
github.com/felipevolpatto/genesis/internal/runner/exec.go:65.29,72.35 6 2
github.com/felipevolpatto/genesis/internal/runner/exec.go:72.35,74.4 1 1
github.com/felipevolpatto/genesis/internal/runner/exec.go:76.2,76.12 1 1
github.com/felipevolpatto/genesis/internal/runner/exec.go:80.39,85.35 3 1
github.com/felipevolpatto/genesis/internal/runner/exec.go:85.35,86.25 1 2
github.com/felipevolpatto/genesis/internal/runner/exec.go:86.25,88.4 1 2
github.com/felipevolpatto/genesis/internal/runner/exec.go:92.2,92.41 1 1
github.com/felipevolpatto/genesis/internal/runner/exec.go:92.41,95.3 2 2
github.com/felipevolpatto/genesis/internal/runner/exec.go:97.2,97.14 1 1
github.com/felipevolpatto/genesis/internal/tui/prompts.go:17.85,20.28 2 3
github.com/felipevolpatto/genesis/internal/tui/prompts.go:20.28,29.20 4 4
github.com/felipevolpatto/genesis/internal/tui/prompts.go:29.20,31.83 2 1
github.com/felipevolpatto/genesis/internal/tui/prompts.go:31.83,33.12 2 0
github.com/felipevolpatto/genesis/internal/tui/prompts.go:33.12,35.6 1 0
github.com/felipevolpatto/genesis/internal/tui/prompts.go:36.5,36.32 1 0
github.com/felipevolpatto/genesis/internal/tui/prompts.go:36.32,38.6 1 0
github.com/felipevolpatto/genesis/internal/tui/prompts.go:39.5,39.15 1 0
github.com/felipevolpatto/genesis/internal/tui/prompts.go:41.9,43.4 1 3
github.com/felipevolpatto/genesis/internal/tui/prompts.go:45.3,45.17 1 4
github.com/felipevolpatto/genesis/internal/tui/prompts.go:45.17,47.4 1 0
github.com/felipevolpatto/genesis/internal/tui/prompts.go:49.3,49.25 1 4
github.com/felipevolpatto/genesis/internal/tui/prompts.go:52.2,52.21 1 3
github.com/felipevolpatto/genesis/internal/tui/prompts.go:56.50,63.16 4 2
github.com/felipevolpatto/genesis/internal/tui/prompts.go:63.16,65.3 1 0
github.com/felipevolpatto/genesis/internal/tui/prompts.go:67.2,67.21 1 2
github.com/felipevolpatto/genesis/internal/tui/prompts.go:71.69,79.16 4 2
github.com/felipevolpatto/genesis/internal/tui/prompts.go:79.16,81.3 1 0
github.com/felipevolpatto/genesis/internal/tui/prompts.go:83.2,83.22 1 2
github.com/felipevolpatto/genesis/internal/scaffolder/git.go:14.64,17.16 2 11
github.com/felipevolpatto/genesis/internal/scaffolder/git.go:17.16,19.3 1 0
github.com/felipevolpatto/genesis/internal/scaffolder/git.go:22.2,29.16 3 11
github.com/felipevolpatto/genesis/internal/scaffolder/git.go:29.16,32.3 2 1
github.com/felipevolpatto/genesis/internal/scaffolder/git.go:35.2,35.19 1 10
github.com/felipevolpatto/genesis/internal/scaffolder/git.go:35.19,37.17 2 8
github.com/felipevolpatto/genesis/internal/scaffolder/git.go:37.17,40.4 2 0
github.com/felipevolpatto/genesis/internal/scaffolder/git.go:43.3,44.25 2 8
github.com/felipevolpatto/genesis/internal/scaffolder/git.go:44.25,48.18 2 2
github.com/felipevolpatto/genesis/internal/scaffolder/git.go:48.18,51.5 2 0
github.com/felipevolpatto/genesis/internal/scaffolder/git.go:52.9,55.43 2 6
github.com/felipevolpatto/genesis/internal/scaffolder/git.go:55.43,57.5 1 1
github.com/felipevolpatto/genesis/internal/scaffolder/git.go:57.10,59.5 1 5
github.com/felipevolpatto/genesis/internal/scaffolder/git.go:61.4,64.18 2 6
github.com/felipevolpatto/genesis/internal/scaffolder/git.go:64.18,70.19 3 3
github.com/felipevolpatto/genesis/internal/scaffolder/git.go:70.19,73.6 2 3
github.com/felipevolpatto/genesis/internal/scaffolder/git.go:79.2,79.76 1 7
github.com/felipevolpatto/genesis/internal/scaffolder/git.go:79.76,82.3 2 1
github.com/felipevolpatto/genesis/internal/scaffolder/git.go:84.2,84.21 1 6
github.com/felipevolpatto/genesis/internal/scaffolder/git.go:88.40,90.2 1 8
github.com/felipevolpatto/genesis/internal/scaffolder/scaffold.go:22.113,29.2 1 4
github.com/felipevolpatto/genesis/internal/scaffolder/scaffold.go:32.39,34.55 1 3
github.com/felipevolpatto/genesis/internal/scaffolder/scaffold.go:34.55,36.3 1 1
github.com/felipevolpatto/genesis/internal/scaffolder/scaffold.go:39.2,39.91 1 2
github.com/felipevolpatto/genesis/internal/scaffolder/scaffold.go:39.91,40.17 1 6
github.com/felipevolpatto/genesis/internal/scaffolder/scaffold.go:40.17,42.4 1 0
github.com/felipevolpatto/genesis/internal/scaffolder/scaffold.go:45.3,45.44 1 6
github.com/felipevolpatto/genesis/internal/scaffolder/scaffold.go:45.44,47.4 1 0
github.com/felipevolpatto/genesis/internal/scaffolder/scaffold.go:50.3,50.37 1 6
github.com/felipevolpatto/genesis/internal/scaffolder/scaffold.go:50.37,52.4 1 0
github.com/felipevolpatto/genesis/internal/scaffolder/scaffold.go:55.3,56.17 2 6
github.com/felipevolpatto/genesis/internal/scaffolder/scaffold.go:56.17,58.4 1 0
github.com/felipevolpatto/genesis/internal/scaffolder/scaffold.go:61.3,63.19 2 6
github.com/felipevolpatto/genesis/internal/scaffolder/scaffold.go:63.19,65.4 1 2
github.com/felipevolpatto/genesis/internal/scaffolder/scaffold.go:68.3,68.39 1 4
github.com/felipevolpatto/genesis/internal/scaffolder/scaffold.go:68.39,70.4 1 3
github.com/felipevolpatto/genesis/internal/scaffolder/scaffold.go:72.3,72.38 1 1
github.com/felipevolpatto/genesis/internal/scaffolder/scaffold.go:77.61,79.16 2 3
github.com/felipevolpatto/genesis/internal/scaffolder/scaffold.go:79.16,81.3 1 0
github.com/felipevolpatto/genesis/internal/scaffolder/scaffold.go:83.2,84.16 2 3
github.com/felipevolpatto/genesis/internal/scaffolder/scaffold.go:84.16,86.3 1 1
github.com/felipevolpatto/genesis/internal/scaffolder/scaffold.go:88.2,89.16 2 2
github.com/felipevolpatto/genesis/internal/scaffolder/scaffold.go:89.16,91.3 1 0
github.com/felipevolpatto/genesis/internal/scaffolder/scaffold.go:92.2,94.55 2 2
github.com/felipevolpatto/genesis/internal/scaffolder/scaffold.go:94.55,96.3 1 0
github.com/felipevolpatto/genesis/internal/scaffolder/scaffold.go:98.2,98.12 1 2
github.com/felipevolpatto/genesis/internal/scaffolder/scaffold.go:102.54,104.16 2 1
github.com/felipevolpatto/genesis/internal/scaffolder/scaffold.go:104.16,106.3 1 0
github.com/felipevolpatto/genesis/internal/scaffolder/scaffold.go:108.2,108.41 1 1
github.com/felipevolpatto/genesis/internal/scaffolder/scaffold.go:112.85,125.2 2 1
